2025-04-03 14:51:12,003 - INFO - Initializing session by accessing NSE homepage...
2025-04-03 14:51:13,311 - INFO - Requesting live data from NSE API...
2025-04-03 14:51:13,466 - ERROR - Error fetching live data: 401 Client Error: Unauthorized for url: https://www.nseindia.com/api/equity-stockIndices?index=NIFTY%2050
2025-04-03 14:51:13,466 - ERROR - An error occurred in main execution: 401 Client Error: Unauthorized for url: https://www.nseindia.com/api/equity-stockIndices?index=NIFTY%2050
2025-04-03 14:56:52,849 - INFO - Initializing session by accessing NSE homepage...
2025-04-03 14:56:53,755 - INFO - Requesting live data from NSE API...
2025-04-03 14:56:53,930 - ERROR - Error fetching live data: 401 Client Error: Unauthorized for url: https://www.nseindia.com/api/equity-stockIndices?index=NIFTY%2050
2025-04-03 14:56:53,931 - ERROR - An error occurred in main execution: 401 Client Error: Unauthorized for url: https://www.nseindia.com/api/equity-stockIndices?index=NIFTY%2050
2025-04-03 14:59:10,085 - INFO - Initializing session by accessing specified URL...
2025-04-03 14:59:10,849 - INFO - Requesting live data from NSE API...
2025-04-03 14:59:11,293 - INFO - Live data fetched successfully with 51 records.
2025-04-03 14:59:11,294 - INFO - Requesting live data from NSE API...
2025-04-03 14:59:11,430 - INFO - Live data fetched successfully with 51 records.
2025-04-03 14:59:11,431 - INFO - Extracted 51 symbols.
2025-04-03 14:59:11,431 - ERROR - Error computing top gainers/losers: '%change'
2025-04-03 14:59:11,431 - ERROR - An error occurred in main execution: '%change'
2025-04-03 15:06:38,167 - INFO - Initializing session by accessing specified URL...
2025-04-03 15:06:39,362 - INFO - Requesting live data from NSE API...
2025-04-03 15:06:39,506 - INFO - Live data fetched successfully with 51 records.
2025-04-03 15:06:39,507 - INFO - Requesting live data from NSE API...
2025-04-03 15:06:39,644 - INFO - Live data fetched successfully with 51 records.
2025-04-03 15:06:39,644 - INFO - Extracted 51 symbols.
2025-04-03 15:06:39,665 - INFO - Identified top gainers and losers.
2025-04-03 15:06:39,665 - INFO - Top Gainers:
   priority      symbol     identifier  ...                                     chartTodayPath  series                                               meta
1         0   POWERGRID   POWERGRIDEQN  ...  https://nsearchives.nseindia.com/today/POWERGR...      EQ  {'symbol': 'POWERGRID', 'companyName': 'Power ...
2         0   SUNPHARMA   SUNPHARMAEQN  ...  https://nsearchives.nseindia.com/today/SUNPHAR...      EQ  {'symbol': 'SUNPHARMA', 'companyName': 'Sun Ph...
3         0  ULTRACEMCO  ULTRACEMCOEQN  ...  https://nsearchives.nseindia.com/today/ULTRACE...      EQ  {'symbol': 'ULTRACEMCO', 'companyName': 'Ultra...
4         0       CIPLA       CIPLAEQN  ...  https://nsearchives.nseindia.com/today/CIPLAEQ...      EQ  {'symbol': 'CIPLA', 'companyName': 'Cipla Limi...
5         0  SHRIRAMFIN  SHRIRAMFINEQN  ...  https://nsearchives.nseindia.com/today/SHRIRAM...      EQ  {'symbol': 'SHRIRAMFIN', 'companyName': 'Shrir...

[5 rows x 28 columns]
2025-04-03 15:06:39,707 - INFO - Top Losers:
    priority   symbol  identifier  ...                                     chartTodayPath  series                                               meta
50         0      TCS      TCSEQN  ...  https://nsearchives.nseindia.com/today/TCSEQN.svg      EQ  {'symbol': 'TCS', 'companyName': 'Tata Consult...
49         0    TECHM    TECHMEQN  ...  https://nsearchives.nseindia.com/today/TECHMEQ...      EQ  {'symbol': 'TECHM', 'companyName': 'Tech Mahin...
48         0  HCLTECH  HCLTECHEQN  ...  https://nsearchives.nseindia.com/today/HCLTECH...      EQ  {'symbol': 'HCLTECH', 'companyName': 'HCL Tech...
47         0     INFY     INFYEQN  ...  https://nsearchives.nseindia.com/today/INFYEQN...      EQ  {'symbol': 'INFY', 'companyName': 'Infosys Lim...
46         0     ONGC     ONGCEQN  ...  https://nsearchives.nseindia.com/today/ONGCEQN...      EQ  {'symbol': 'ONGC', 'companyName': 'Oil & Natur...

[5 rows x 28 columns]
2025-04-03 15:06:39,746 - INFO - Fetching historical data for NIFTY 50.NS...
2025-04-03 15:06:45,058 - ERROR - 404 Client Error: Not Found for url: https://query2.finance.yahoo.com/v10/finance/quoteSummary/NIFTY%2050.NS?modules=financialData%2CquoteType%2CdefaultKeyStatistics%2CassetProfile%2CsummaryDetail&corsDomain=finance.yahoo.com&formatted=false&symbol=NIFTY+50.NS&crumb=DVmCP4BXSLR
2025-04-03 15:06:45,059 - ERROR - Error fetching data for NIFTY 50.NS: 'NoneType' object has no attribute 'update'
2025-04-03 15:06:45,059 - INFO - Fetching historical data for POWERGRID.NS...
2025-04-03 15:06:45,390 - INFO - Fetching historical data for SUNPHARMA.NS...
2025-04-03 15:06:45,695 - INFO - Fetching historical data for ULTRACEMCO.NS...
2025-04-03 15:06:46,063 - INFO - Fetching historical data for CIPLA.NS...
2025-04-03 15:06:46,429 - INFO - Fetching historical data for SHRIRAMFIN.NS...
2025-04-03 15:06:46,733 - INFO - Fetching historical data for NTPC.NS...
2025-04-03 15:06:47,031 - INFO - Fetching historical data for ASIANPAINT.NS...
2025-04-03 15:06:47,353 - INFO - Fetching historical data for ADANIENT.NS...
2025-04-03 15:06:47,652 - INFO - Fetching historical data for BEL.NS...
2025-04-03 15:06:47,965 - INFO - Fetching historical data for NESTLEIND.NS...
2025-04-03 15:06:48,277 - INFO - Fetching historical data for GRASIM.NS...
2025-04-03 15:06:48,583 - INFO - Fetching historical data for INDUSINDBK.NS...
2025-04-03 15:06:48,876 - INFO - Fetching historical data for TITAN.NS...
2025-04-03 15:06:49,190 - INFO - Fetching historical data for TATACONSUM.NS...
2025-04-03 15:06:49,511 - INFO - Fetching historical data for EICHERMOT.NS...
2025-04-03 15:06:49,847 - INFO - Fetching historical data for AXISBANK.NS...
2025-04-03 15:06:50,168 - INFO - Fetching historical data for SBIN.NS...
2025-04-03 15:06:50,494 - INFO - Fetching historical data for HINDUNILVR.NS...
2025-04-03 15:06:50,850 - INFO - Fetching historical data for ADANIPORTS.NS...
2025-04-03 15:06:51,184 - INFO - Fetching historical data for JIOFIN.NS...
2025-04-03 15:06:51,425 - INFO - Fetching historical data for ITC.NS...
2025-04-03 15:06:51,760 - INFO - Fetching historical data for LT.NS...
2025-04-03 15:06:52,156 - INFO - Fetching historical data for DRREDDY.NS...
2025-04-03 15:06:52,455 - INFO - Fetching historical data for COALINDIA.NS...
2025-04-03 15:06:52,728 - INFO - Fetching historical data for HDFCBANK.NS...
2025-04-03 15:06:53,040 - INFO - Fetching historical data for ICICIBANK.NS...
2025-04-03 15:06:53,350 - INFO - Fetching historical data for TRENT.NS...
2025-04-03 15:06:53,637 - INFO - Fetching historical data for RELIANCE.NS...
2025-04-03 15:06:53,949 - INFO - Fetching historical data for MARUTI.NS...
2025-04-03 15:06:54,256 - INFO - Fetching historical data for HDFCLIFE.NS...
2025-04-03 15:06:54,514 - INFO - Fetching historical data for BAJAJFINSV.NS...
2025-04-03 15:06:54,804 - INFO - Fetching historical data for BHARTIARTL.NS...
2025-04-03 15:06:55,100 - INFO - Fetching historical data for TATASTEEL.NS...
2025-04-03 15:06:55,423 - INFO - Fetching historical data for HEROMOTOCO.NS...
2025-04-03 15:06:55,796 - INFO - Fetching historical data for BAJFINANCE.NS...
2025-04-03 15:06:56,108 - INFO - Fetching historical data for APOLLOHOSP.NS...
2025-04-03 15:06:56,430 - INFO - Fetching historical data for ZOMATO.NS...
2025-04-03 15:06:56,674 - INFO - Fetching historical data for KOTAKBANK.NS...
2025-04-03 15:06:56,986 - INFO - Fetching historical data for M&M.NS...
2025-04-03 15:06:57,304 - INFO - Fetching historical data for JSWSTEEL.NS...
2025-04-03 15:06:57,587 - INFO - Fetching historical data for SBILIFE.NS...
2025-04-03 15:06:57,860 - INFO - Fetching historical data for HINDALCO.NS...
2025-04-03 15:06:58,185 - INFO - Fetching historical data for BAJAJ-AUTO.NS...
2025-04-03 15:06:58,468 - INFO - Fetching historical data for TATAMOTORS.NS...
2025-04-03 15:06:58,765 - INFO - Fetching historical data for WIPRO.NS...
2025-04-03 15:06:59,092 - INFO - Fetching historical data for ONGC.NS...
2025-04-03 15:06:59,417 - INFO - Fetching historical data for INFY.NS...
2025-04-03 15:06:59,780 - INFO - Fetching historical data for HCLTECH.NS...
2025-04-03 15:07:00,085 - INFO - Fetching historical data for TECHM.NS...
2025-04-03 15:07:00,379 - INFO - Fetching historical data for TCS.NS...
2025-04-03 15:07:00,680 - INFO - Stocks at least 30% below 52-week high:
[('INDUSINDBK.NS', 709.7000122070312, 1551.129638671875), ('TATAMOTORS.NS', 654.4000244140625, 1161.8499755859375), ('JIOFIN.NS', 230.35000610351562, 387.95001220703125), ('HEROMOTOCO.NS', 3754.10009765625, 6039.02685546875), ('BAJAJ-AUTO.NS', 7913.35009765625, 12666.400390625)]
2025-04-03 15:07:00,680 - INFO - Stocks at least 20% above 52-week low:
[('SHRIRAMFIN.NS', 654.5499877929688, 422.9797058105469), ('BHARTIARTL.NS', 1746.199951171875, 1184.3995361328125), ('TRENT.NS', 5674.39990234375, 3899.674560546875), ('EICHERMOT.NS', 5384.4501953125, 3891.0869140625), ('KOTAKBANK.NS', 2133.60009765625, 1545.006591796875)]
2025-04-03 15:07:00,681 - INFO - Top stocks by 30-day return:
[('SHRIRAMFIN.NS', 18.28860877781217), ('BEL.NS', 18.128165104443585), ('NTPC.NS', 15.343829732318095), ('TATASTEEL.NS', 14.203955376829391), ('EICHERMOT.NS', 14.091840207024466)]
2025-04-03 15:21:45,619 - INFO - Initializing session by accessing specified URL...
2025-04-03 15:21:46,350 - INFO - Requesting live data from NSE API...
2025-04-03 15:21:46,656 - INFO - Live data fetched successfully with 51 records.
2025-04-03 15:21:46,657 - INFO - Requesting live data from NSE API...
2025-04-03 15:21:46,817 - INFO - Live data fetched successfully with 51 records.
2025-04-03 15:21:46,817 - INFO - Extracted 51 symbols.
2025-04-03 15:21:46,819 - INFO - Identified top gainers and losers.
2025-04-03 15:21:46,819 - INFO - Fetching historical data for NIFTY 50.NS...
2025-04-03 15:21:51,331 - ERROR - 404 Client Error: Not Found for url: https://query2.finance.yahoo.com/v10/finance/quoteSummary/NIFTY%2050.NS?modules=financialData%2CquoteType%2CdefaultKeyStatistics%2CassetProfile%2CsummaryDetail&corsDomain=finance.yahoo.com&formatted=false&symbol=NIFTY+50.NS&crumb=DVmCP4BXSLR
2025-04-03 15:21:51,331 - ERROR - Error fetching data for NIFTY 50.NS: 'NoneType' object has no attribute 'update'
2025-04-03 15:21:51,331 - INFO - Fetching historical data for POWERGRID.NS...
2025-04-03 15:21:51,492 - INFO - Fetching historical data for SUNPHARMA.NS...
2025-04-03 15:21:51,661 - INFO - Fetching historical data for ULTRACEMCO.NS...
2025-04-03 15:21:51,819 - INFO - Fetching historical data for CIPLA.NS...
2025-04-03 15:21:51,979 - INFO - Fetching historical data for SHRIRAMFIN.NS...
2025-04-03 15:21:52,153 - INFO - Fetching historical data for NTPC.NS...
2025-04-03 15:21:52,337 - INFO - Fetching historical data for BEL.NS...
2025-04-03 15:21:52,496 - INFO - Fetching historical data for ADANIENT.NS...
2025-04-03 15:21:52,662 - INFO - Fetching historical data for ASIANPAINT.NS...
2025-04-03 15:21:52,817 - INFO - Fetching historical data for NESTLEIND.NS...
2025-04-03 15:21:53,007 - INFO - Fetching historical data for GRASIM.NS...
2025-04-03 15:21:53,159 - INFO - Fetching historical data for INDUSINDBK.NS...
2025-04-03 15:21:53,315 - INFO - Fetching historical data for TITAN.NS...
2025-04-03 15:21:53,474 - INFO - Fetching historical data for TATACONSUM.NS...
2025-04-03 15:21:53,634 - INFO - Fetching historical data for AXISBANK.NS...
2025-04-03 15:21:53,799 - INFO - Fetching historical data for SBIN.NS...
2025-04-03 15:21:53,965 - INFO - Fetching historical data for ADANIPORTS.NS...
2025-04-03 15:21:54,125 - INFO - Fetching historical data for EICHERMOT.NS...
2025-04-03 15:21:54,287 - INFO - Fetching historical data for JIOFIN.NS...
2025-04-03 15:21:54,421 - INFO - Fetching historical data for HINDUNILVR.NS...
2025-04-03 15:21:54,584 - INFO - Fetching historical data for DRREDDY.NS...
2025-04-03 15:21:54,749 - INFO - Fetching historical data for ITC.NS...
2025-04-03 15:21:54,916 - INFO - Fetching historical data for LT.NS...
2025-04-03 15:21:55,073 - INFO - Fetching historical data for ICICIBANK.NS...
2025-04-03 15:21:55,231 - INFO - Fetching historical data for HDFCBANK.NS...
2025-04-03 15:21:55,392 - INFO - Fetching historical data for TRENT.NS...
2025-04-03 15:21:55,573 - INFO - Fetching historical data for COALINDIA.NS...
2025-04-03 15:21:55,720 - INFO - Fetching historical data for RELIANCE.NS...
2025-04-03 15:21:55,885 - INFO - Fetching historical data for ZOMATO.NS...
2025-04-03 15:21:56,011 - INFO - Fetching historical data for MARUTI.NS...
2025-04-03 15:21:56,180 - INFO - Fetching historical data for BHARTIARTL.NS...
2025-04-03 15:21:56,328 - INFO - Fetching historical data for BAJAJFINSV.NS...
2025-04-03 15:21:56,498 - INFO - Fetching historical data for HDFCLIFE.NS...
2025-04-03 15:21:56,640 - INFO - Fetching historical data for TATASTEEL.NS...
2025-04-03 15:21:56,813 - INFO - Fetching historical data for BAJFINANCE.NS...
2025-04-03 15:21:56,998 - INFO - Fetching historical data for HEROMOTOCO.NS...
2025-04-03 15:21:57,159 - INFO - Fetching historical data for M&M.NS...
2025-04-03 15:21:57,370 - INFO - Fetching historical data for APOLLOHOSP.NS...
2025-04-03 15:21:57,541 - INFO - Fetching historical data for KOTAKBANK.NS...
2025-04-03 15:21:57,702 - INFO - Fetching historical data for JSWSTEEL.NS...
2025-04-03 15:21:57,863 - INFO - Fetching historical data for SBILIFE.NS...
2025-04-03 15:21:58,000 - INFO - Fetching historical data for HINDALCO.NS...
2025-04-03 15:21:58,167 - INFO - Fetching historical data for BAJAJ-AUTO.NS...
2025-04-03 15:21:58,317 - INFO - Fetching historical data for TATAMOTORS.NS...
2025-04-03 15:21:58,476 - INFO - Fetching historical data for WIPRO.NS...
2025-04-03 15:21:58,646 - INFO - Fetching historical data for ONGC.NS...
2025-04-03 15:21:58,806 - INFO - Fetching historical data for INFY.NS...
2025-04-03 15:21:58,975 - INFO - Fetching historical data for TECHM.NS...
2025-04-03 15:21:59,122 - INFO - Fetching historical data for HCLTECH.NS...
2025-04-03 15:21:59,279 - INFO - Fetching historical data for TCS.NS...
2025-04-03 15:26:20,395 - INFO - Initializing session by accessing specified URL...
2025-04-03 15:26:21,077 - INFO - Requesting live data from NSE API...
2025-04-03 15:26:21,371 - INFO - Live data fetched successfully with 51 records.
2025-04-03 15:26:21,371 - INFO - Requesting live data from NSE API...
2025-04-03 15:26:21,510 - INFO - Live data fetched successfully with 51 records.
2025-04-03 15:26:21,510 - INFO - Extracted 51 symbols.
2025-04-03 15:26:21,511 - INFO - Identified top gainers and losers.
2025-04-03 15:26:21,512 - INFO - Fetching historical data for NIFTY 50.NS...
2025-04-03 15:26:27,280 - ERROR - 404 Client Error: Not Found for url: https://query2.finance.yahoo.com/v10/finance/quoteSummary/NIFTY%2050.NS?modules=financialData%2CquoteType%2CdefaultKeyStatistics%2CassetProfile%2CsummaryDetail&corsDomain=finance.yahoo.com&formatted=false&symbol=NIFTY+50.NS&crumb=DVmCP4BXSLR
2025-04-03 15:26:27,281 - ERROR - Error fetching data for NIFTY 50.NS: 'NoneType' object has no attribute 'update'
2025-04-03 15:26:27,281 - INFO - Fetching historical data for POWERGRID.NS...
2025-04-03 15:26:27,439 - INFO - Fetching historical data for SUNPHARMA.NS...
2025-04-03 15:26:27,600 - INFO - Fetching historical data for ULTRACEMCO.NS...
2025-04-03 15:26:27,745 - INFO - Fetching historical data for CIPLA.NS...
2025-04-03 15:26:27,917 - INFO - Fetching historical data for SHRIRAMFIN.NS...
2025-04-03 15:26:28,077 - INFO - Fetching historical data for NTPC.NS...
2025-04-03 15:26:28,231 - INFO - Fetching historical data for BEL.NS...
2025-04-03 15:26:28,384 - INFO - Fetching historical data for ADANIENT.NS...
2025-04-03 15:26:28,533 - INFO - Fetching historical data for ASIANPAINT.NS...
2025-04-03 15:26:28,693 - INFO - Fetching historical data for NESTLEIND.NS...
2025-04-03 15:26:28,849 - INFO - Fetching historical data for GRASIM.NS...
2025-04-03 15:26:28,999 - INFO - Fetching historical data for INDUSINDBK.NS...
2025-04-03 15:26:29,154 - INFO - Fetching historical data for TITAN.NS...
2025-04-03 15:26:29,310 - INFO - Fetching historical data for TATACONSUM.NS...
2025-04-03 15:26:29,491 - INFO - Fetching historical data for ADANIPORTS.NS...
2025-04-03 15:26:29,637 - INFO - Fetching historical data for SBIN.NS...
2025-04-03 15:26:29,797 - INFO - Fetching historical data for AXISBANK.NS...
2025-04-03 15:26:29,967 - INFO - Fetching historical data for JIOFIN.NS...
2025-04-03 15:26:30,091 - INFO - Fetching historical data for EICHERMOT.NS...
2025-04-03 15:26:30,239 - INFO - Fetching historical data for HINDUNILVR.NS...
2025-04-03 15:26:30,394 - INFO - Fetching historical data for DRREDDY.NS...
2025-04-03 15:26:30,553 - INFO - Fetching historical data for ITC.NS...
2025-04-03 15:26:30,709 - INFO - Fetching historical data for HDFCBANK.NS...
2025-04-03 15:26:30,855 - INFO - Fetching historical data for LT.NS...
2025-04-03 15:26:31,025 - INFO - Fetching historical data for COALINDIA.NS...
2025-04-03 15:26:31,181 - INFO - Fetching historical data for TRENT.NS...
2025-04-03 15:26:31,336 - INFO - Fetching historical data for RELIANCE.NS...
2025-04-03 15:26:31,501 - INFO - Fetching historical data for ICICIBANK.NS...
2025-04-03 15:26:31,665 - INFO - Fetching historical data for MARUTI.NS...
2025-04-03 15:26:31,817 - INFO - Fetching historical data for ZOMATO.NS...
2025-04-03 15:26:31,944 - INFO - Fetching historical data for BHARTIARTL.NS...
2025-04-03 15:26:32,084 - INFO - Fetching historical data for HDFCLIFE.NS...
2025-04-03 15:26:32,224 - INFO - Fetching historical data for BAJAJFINSV.NS...
2025-04-03 15:26:32,372 - INFO - Fetching historical data for TATASTEEL.NS...
2025-04-03 15:26:32,549 - INFO - Fetching historical data for HEROMOTOCO.NS...
2025-04-03 15:26:32,692 - INFO - Fetching historical data for M&M.NS...
2025-04-03 15:26:32,837 - INFO - Fetching historical data for BAJFINANCE.NS...
2025-04-03 15:26:32,978 - INFO - Fetching historical data for APOLLOHOSP.NS...
2025-04-03 15:26:33,135 - INFO - Fetching historical data for KOTAKBANK.NS...
2025-04-03 15:26:33,283 - INFO - Fetching historical data for SBILIFE.NS...
2025-04-03 15:26:33,419 - INFO - Fetching historical data for JSWSTEEL.NS...
2025-04-03 15:26:33,558 - INFO - Fetching historical data for HINDALCO.NS...
2025-04-03 15:26:33,716 - INFO - Fetching historical data for BAJAJ-AUTO.NS...
2025-04-03 15:26:33,856 - INFO - Fetching historical data for TATAMOTORS.NS...
2025-04-03 15:26:34,024 - INFO - Fetching historical data for WIPRO.NS...
2025-04-03 15:26:34,201 - INFO - Fetching historical data for ONGC.NS...
2025-04-03 15:26:34,368 - INFO - Fetching historical data for INFY.NS...
2025-04-03 15:26:34,522 - INFO - Fetching historical data for TECHM.NS...
2025-04-03 15:26:34,675 - INFO - Fetching historical data for HCLTECH.NS...
2025-04-03 15:26:34,827 - INFO - Fetching historical data for TCS.NS...
2025-04-03 15:31:31,022 - INFO - Initializing session by accessing specified URL...
2025-04-03 15:31:31,733 - INFO - Requesting live data from NSE API...
2025-04-03 15:31:32,157 - INFO - Live data fetched successfully with 51 records.
2025-04-03 15:31:32,158 - INFO - Requesting live data from NSE API...
2025-04-03 15:31:32,295 - INFO - Live data fetched successfully with 51 records.
2025-04-03 15:31:32,295 - INFO - Extracted 51 symbols.
2025-04-03 15:31:32,297 - INFO - Identified top gainers and losers.
2025-04-03 15:31:32,297 - INFO - Fetching historical data for NIFTY 50.NS...
2025-04-03 15:31:36,561 - ERROR - 404 Client Error: Not Found for url: https://query2.finance.yahoo.com/v10/finance/quoteSummary/NIFTY%2050.NS?modules=financialData%2CquoteType%2CdefaultKeyStatistics%2CassetProfile%2CsummaryDetail&corsDomain=finance.yahoo.com&formatted=false&symbol=NIFTY+50.NS&crumb=DVmCP4BXSLR
2025-04-03 15:31:36,561 - ERROR - Error fetching data for NIFTY 50.NS: 'NoneType' object has no attribute 'update'
2025-04-03 15:31:36,561 - INFO - Fetching historical data for POWERGRID.NS...
2025-04-03 15:31:36,712 - INFO - Fetching historical data for SUNPHARMA.NS...
2025-04-03 15:31:36,866 - INFO - Fetching historical data for CIPLA.NS...
2025-04-03 15:31:37,041 - INFO - Fetching historical data for ULTRACEMCO.NS...
2025-04-03 15:31:37,211 - INFO - Fetching historical data for SHRIRAMFIN.NS...
2025-04-03 15:31:37,407 - INFO - Fetching historical data for NTPC.NS...
2025-04-03 15:31:37,566 - INFO - Fetching historical data for ADANIENT.NS...
2025-04-03 15:31:37,715 - INFO - Fetching historical data for BEL.NS...
2025-04-03 15:31:37,864 - INFO - Fetching historical data for ASIANPAINT.NS...
2025-04-03 15:31:38,033 - INFO - Fetching historical data for GRASIM.NS...
2025-04-03 15:31:38,186 - INFO - Fetching historical data for NESTLEIND.NS...
2025-04-03 15:31:38,340 - INFO - Fetching historical data for INDUSINDBK.NS...
2025-04-03 15:31:38,484 - INFO - Fetching historical data for TITAN.NS...
2025-04-03 15:31:38,638 - INFO - Fetching historical data for TATACONSUM.NS...
2025-04-03 15:31:38,795 - INFO - Fetching historical data for SBIN.NS...
2025-04-03 15:31:38,958 - INFO - Fetching historical data for AXISBANK.NS...
2025-04-03 15:31:39,122 - INFO - Fetching historical data for ADANIPORTS.NS...
2025-04-03 15:31:39,262 - INFO - Fetching historical data for JIOFIN.NS...
2025-04-03 15:31:39,386 - INFO - Fetching historical data for EICHERMOT.NS...
2025-04-03 15:31:39,548 - INFO - Fetching historical data for HINDUNILVR.NS...
2025-04-03 15:31:39,727 - INFO - Fetching historical data for DRREDDY.NS...
2025-04-03 15:31:39,890 - INFO - Fetching historical data for ITC.NS...
2025-04-03 15:31:40,068 - INFO - Fetching historical data for LT.NS...
2025-04-03 15:31:40,223 - INFO - Fetching historical data for ICICIBANK.NS...
2025-04-03 15:31:40,376 - INFO - Fetching historical data for COALINDIA.NS...
2025-04-03 15:31:40,515 - INFO - Fetching historical data for RELIANCE.NS...
2025-04-03 15:31:40,684 - INFO - Fetching historical data for HDFCBANK.NS...
2025-04-03 15:31:40,847 - INFO - Fetching historical data for TRENT.NS...
2025-04-03 15:31:41,017 - INFO - Fetching historical data for ZOMATO.NS...
2025-04-03 15:31:41,145 - INFO - Fetching historical data for HDFCLIFE.NS...
2025-04-03 15:31:41,281 - INFO - Fetching historical data for TATASTEEL.NS...
2025-04-03 15:31:41,427 - INFO - Fetching historical data for MARUTI.NS...
2025-04-03 15:31:41,586 - INFO - Fetching historical data for BAJAJFINSV.NS...
2025-04-03 15:31:41,736 - INFO - Fetching historical data for BHARTIARTL.NS...
2025-04-03 15:31:41,888 - INFO - Fetching historical data for M&M.NS...
2025-04-03 15:31:42,051 - INFO - Fetching historical data for SBILIFE.NS...
2025-04-03 15:31:42,204 - INFO - Fetching historical data for APOLLOHOSP.NS...
2025-04-03 15:31:42,360 - INFO - Fetching historical data for KOTAKBANK.NS...
2025-04-03 15:31:42,518 - INFO - Fetching historical data for HEROMOTOCO.NS...
2025-04-03 15:31:42,681 - INFO - Fetching historical data for BAJFINANCE.NS...
2025-04-03 15:31:42,841 - INFO - Fetching historical data for JSWSTEEL.NS...
2025-04-03 15:31:43,004 - INFO - Fetching historical data for HINDALCO.NS...
2025-04-03 15:31:43,155 - INFO - Fetching historical data for BAJAJ-AUTO.NS...
2025-04-03 15:31:43,298 - INFO - Fetching historical data for TATAMOTORS.NS...
2025-04-03 15:31:43,467 - INFO - Fetching historical data for WIPRO.NS...
2025-04-03 15:31:43,627 - INFO - Fetching historical data for ONGC.NS...
2025-04-03 15:31:43,783 - INFO - Fetching historical data for INFY.NS...
2025-04-03 15:31:43,935 - INFO - Fetching historical data for TECHM.NS...
2025-04-03 15:31:44,126 - INFO - Fetching historical data for HCLTECH.NS...
2025-04-03 15:31:44,299 - INFO - Fetching historical data for TCS.NS...
2025-04-03 15:31:47,840 - INFO - Bar charts plotted and closed automatically.
2025-04-03 15:34:02,248 - INFO - Initializing session by accessing specified URL...
2025-04-03 15:34:02,903 - INFO - Requesting live data from NSE API...
2025-04-03 15:34:03,063 - INFO - Live data fetched successfully with 51 records.
2025-04-03 15:34:03,063 - INFO - Requesting live data from NSE API...
2025-04-03 15:34:03,198 - INFO - Live data fetched successfully with 51 records.
2025-04-03 15:34:03,199 - INFO - Extracted 51 symbols.
2025-04-03 15:34:03,200 - INFO - Identified top gainers and losers.
2025-04-03 15:34:03,201 - INFO - Fetching historical data for NIFTY 50.NS...
2025-04-03 15:34:07,776 - ERROR - 404 Client Error: Not Found for url: https://query2.finance.yahoo.com/v10/finance/quoteSummary/NIFTY%2050.NS?modules=financialData%2CquoteType%2CdefaultKeyStatistics%2CassetProfile%2CsummaryDetail&corsDomain=finance.yahoo.com&formatted=false&symbol=NIFTY+50.NS&crumb=DVmCP4BXSLR
2025-04-03 15:34:07,776 - ERROR - Error fetching data for NIFTY 50.NS: 'NoneType' object has no attribute 'update'
2025-04-03 15:34:07,776 - INFO - Fetching historical data for POWERGRID.NS...
2025-04-03 15:34:07,939 - INFO - Fetching historical data for SUNPHARMA.NS...
2025-04-03 15:34:08,114 - INFO - Fetching historical data for CIPLA.NS...
2025-04-03 15:34:08,267 - INFO - Fetching historical data for ULTRACEMCO.NS...
2025-04-03 15:34:08,580 - INFO - Fetching historical data for SHRIRAMFIN.NS...
2025-04-03 15:34:08,764 - INFO - Fetching historical data for NTPC.NS...
2025-04-03 15:34:08,924 - INFO - Fetching historical data for ADANIENT.NS...
2025-04-03 15:34:09,082 - INFO - Fetching historical data for BEL.NS...
2025-04-03 15:34:09,246 - INFO - Fetching historical data for ASIANPAINT.NS...
2025-04-03 15:34:09,438 - INFO - Fetching historical data for GRASIM.NS...
2025-04-03 15:34:09,618 - INFO - Fetching historical data for NESTLEIND.NS...
2025-04-03 15:34:09,776 - INFO - Fetching historical data for INDUSINDBK.NS...
2025-04-03 15:34:09,937 - INFO - Fetching historical data for TITAN.NS...
2025-04-03 15:34:10,111 - INFO - Fetching historical data for TATACONSUM.NS...
2025-04-03 15:34:10,280 - INFO - Fetching historical data for SBIN.NS...
2025-04-03 15:34:10,448 - INFO - Fetching historical data for AXISBANK.NS...
2025-04-03 15:34:10,607 - INFO - Fetching historical data for ADANIPORTS.NS...
2025-04-03 15:34:10,757 - INFO - Fetching historical data for JIOFIN.NS...
2025-04-03 15:34:10,887 - INFO - Fetching historical data for EICHERMOT.NS...
2025-04-03 15:34:11,060 - INFO - Fetching historical data for HINDUNILVR.NS...
2025-04-03 15:34:11,221 - INFO - Fetching historical data for DRREDDY.NS...
2025-04-03 15:34:11,388 - INFO - Fetching historical data for ITC.NS...
2025-04-03 15:34:11,548 - INFO - Fetching historical data for LT.NS...
2025-04-03 15:34:11,707 - INFO - Fetching historical data for ICICIBANK.NS...
2025-04-03 15:34:11,856 - INFO - Fetching historical data for COALINDIA.NS...
2025-04-03 15:34:12,003 - INFO - Fetching historical data for RELIANCE.NS...
2025-04-03 15:34:12,201 - INFO - Fetching historical data for HDFCBANK.NS...
2025-04-03 15:34:12,368 - INFO - Fetching historical data for TRENT.NS...
2025-04-03 15:34:13,164 - INFO - Fetching historical data for ZOMATO.NS...
2025-04-03 15:34:13,292 - INFO - Fetching historical data for HDFCLIFE.NS...
2025-04-03 15:34:13,437 - INFO - Fetching historical data for TATASTEEL.NS...
2025-04-03 15:34:13,601 - INFO - Fetching historical data for MARUTI.NS...
2025-04-03 15:34:13,762 - INFO - Fetching historical data for BAJAJFINSV.NS...
2025-04-03 15:34:13,912 - INFO - Fetching historical data for BHARTIARTL.NS...
2025-04-03 15:34:14,060 - INFO - Fetching historical data for M&M.NS...
2025-04-03 15:34:14,224 - INFO - Fetching historical data for SBILIFE.NS...
2025-04-03 15:34:14,371 - INFO - Fetching historical data for APOLLOHOSP.NS...
2025-04-03 15:34:14,680 - INFO - Fetching historical data for KOTAKBANK.NS...
2025-04-03 15:34:14,836 - INFO - Fetching historical data for HEROMOTOCO.NS...
2025-04-03 15:34:14,998 - INFO - Fetching historical data for BAJFINANCE.NS...
2025-04-03 15:34:15,188 - INFO - Fetching historical data for JSWSTEEL.NS...
2025-04-03 15:34:15,340 - INFO - Fetching historical data for HINDALCO.NS...
2025-04-03 15:34:15,493 - INFO - Fetching historical data for BAJAJ-AUTO.NS...
2025-04-03 15:34:15,634 - INFO - Fetching historical data for TATAMOTORS.NS...
2025-04-03 15:34:15,785 - INFO - Fetching historical data for WIPRO.NS...
2025-04-03 15:34:16,007 - INFO - Fetching historical data for ONGC.NS...
2025-04-03 15:34:16,174 - INFO - Fetching historical data for INFY.NS...
2025-04-03 15:34:16,341 - INFO - Fetching historical data for TECHM.NS...
2025-04-03 15:34:16,488 - INFO - Fetching historical data for HCLTECH.NS...
2025-04-03 15:34:16,647 - INFO - Fetching historical data for TCS.NS...
2025-04-03 15:34:16,798 - INFO - Text output saved to data/results.txt
2025-04-03 15:34:17,199 - INFO - Bar charts saved to data/gainers_losers.png and closed automatically.
2025-04-03 15:40:04,508 - INFO - Initializing session by accessing specified URL...
2025-04-03 15:40:05,314 - INFO - Requesting live data from NSE API...
2025-04-03 15:40:05,667 - INFO - Live data fetched successfully with 51 records.
2025-04-03 15:40:05,668 - INFO - Requesting live data from NSE API...
2025-04-03 15:40:05,857 - INFO - Live data fetched successfully with 51 records.
2025-04-03 15:40:05,857 - INFO - Extracted 51 symbols.
2025-04-03 15:40:05,859 - INFO - Identified top gainers and losers.
2025-04-03 15:40:05,860 - INFO - Fetching historical data for NIFTY 50.NS...
2025-04-03 15:40:10,563 - ERROR - 404 Client Error: Not Found for url: https://query2.finance.yahoo.com/v10/finance/quoteSummary/NIFTY%2050.NS?modules=financialData%2CquoteType%2CdefaultKeyStatistics%2CassetProfile%2CsummaryDetail&corsDomain=finance.yahoo.com&formatted=false&symbol=NIFTY+50.NS&crumb=DVmCP4BXSLR
2025-04-03 15:40:10,563 - ERROR - Error fetching data for NIFTY 50.NS: 'NoneType' object has no attribute 'update'
2025-04-03 15:40:10,563 - INFO - Fetching historical data for POWERGRID.NS...
2025-04-03 15:40:10,726 - INFO - Fetching historical data for SUNPHARMA.NS...
2025-04-03 15:40:10,892 - INFO - Fetching historical data for CIPLA.NS...
2025-04-03 15:40:11,050 - INFO - Fetching historical data for ULTRACEMCO.NS...
2025-04-03 15:40:11,190 - INFO - Fetching historical data for SHRIRAMFIN.NS...
2025-04-03 15:40:11,337 - INFO - Fetching historical data for NTPC.NS...
2025-04-03 15:40:11,528 - INFO - Fetching historical data for ADANIENT.NS...
2025-04-03 15:40:11,687 - INFO - Fetching historical data for BEL.NS...
2025-04-03 15:40:11,833 - INFO - Fetching historical data for ASIANPAINT.NS...
2025-04-03 15:40:12,001 - INFO - Fetching historical data for GRASIM.NS...
2025-04-03 15:40:12,249 - INFO - Fetching historical data for NESTLEIND.NS...
2025-04-03 15:40:12,425 - INFO - Fetching historical data for INDUSINDBK.NS...
2025-04-03 15:40:12,594 - INFO - Fetching historical data for TITAN.NS...
2025-04-03 15:40:12,742 - INFO - Fetching historical data for TATACONSUM.NS...
2025-04-03 15:40:12,914 - INFO - Fetching historical data for SBIN.NS...
2025-04-03 15:40:13,081 - INFO - Fetching historical data for AXISBANK.NS...
2025-04-03 15:40:13,246 - INFO - Fetching historical data for ADANIPORTS.NS...
2025-04-03 15:40:13,396 - INFO - Fetching historical data for JIOFIN.NS...
2025-04-03 15:40:13,519 - INFO - Fetching historical data for EICHERMOT.NS...
2025-04-03 15:40:13,679 - INFO - Fetching historical data for HINDUNILVR.NS...
2025-04-03 15:40:13,849 - INFO - Fetching historical data for DRREDDY.NS...
2025-04-03 15:40:14,000 - INFO - Fetching historical data for ITC.NS...
2025-04-03 15:40:14,192 - INFO - Fetching historical data for LT.NS...
2025-04-03 15:40:14,347 - INFO - Fetching historical data for ICICIBANK.NS...
2025-04-03 15:40:14,511 - INFO - Fetching historical data for COALINDIA.NS...
2025-04-03 15:40:14,713 - INFO - Fetching historical data for RELIANCE.NS...
2025-04-03 15:40:14,911 - INFO - Fetching historical data for HDFCBANK.NS...
2025-04-03 15:40:15,132 - INFO - Fetching historical data for TRENT.NS...
2025-04-03 15:40:15,278 - INFO - Fetching historical data for ZOMATO.NS...
2025-04-03 15:40:15,405 - INFO - Fetching historical data for HDFCLIFE.NS...
2025-04-03 15:40:15,763 - INFO - Fetching historical data for TATASTEEL.NS...
2025-04-03 15:40:15,940 - INFO - Fetching historical data for MARUTI.NS...
2025-04-03 15:40:16,105 - INFO - Fetching historical data for BAJAJFINSV.NS...
2025-04-03 15:40:16,250 - INFO - Fetching historical data for BHARTIARTL.NS...
2025-04-03 15:40:16,393 - INFO - Fetching historical data for M&M.NS...
2025-04-03 15:40:16,562 - INFO - Fetching historical data for SBILIFE.NS...
2025-04-03 15:40:16,735 - INFO - Fetching historical data for APOLLOHOSP.NS...
2025-04-03 15:40:16,902 - INFO - Fetching historical data for KOTAKBANK.NS...
2025-04-03 15:40:17,058 - INFO - Fetching historical data for HEROMOTOCO.NS...
2025-04-03 15:40:17,198 - INFO - Fetching historical data for BAJFINANCE.NS...
2025-04-03 15:40:17,358 - INFO - Fetching historical data for JSWSTEEL.NS...
2025-04-03 15:40:17,500 - INFO - Fetching historical data for HINDALCO.NS...
2025-04-03 15:40:17,661 - INFO - Fetching historical data for BAJAJ-AUTO.NS...
2025-04-03 15:40:17,808 - INFO - Fetching historical data for TATAMOTORS.NS...
2025-04-03 15:40:17,968 - INFO - Fetching historical data for WIPRO.NS...
2025-04-03 15:40:18,136 - INFO - Fetching historical data for ONGC.NS...
2025-04-03 15:40:18,299 - INFO - Fetching historical data for INFY.NS...
2025-04-03 15:40:18,458 - INFO - Fetching historical data for TECHM.NS...
2025-04-03 15:40:18,610 - INFO - Fetching historical data for HCLTECH.NS...
2025-04-03 15:40:18,769 - INFO - Fetching historical data for TCS.NS...
2025-04-03 15:40:18,972 - INFO - Text output saved to data/results.txt
2025-04-03 15:40:19,373 - INFO - Bar charts saved to data/gainers_losers.png and closed automatically.
2025-04-03 15:41:35,320 - INFO - Initializing session by accessing specified URL...
2025-04-03 15:41:36,311 - INFO - Requesting live data from NSE API...
2025-04-03 15:41:36,468 - INFO - Live data fetched successfully with 51 records.
2025-04-03 15:41:36,469 - INFO - Requesting live data from NSE API...
2025-04-03 15:41:36,616 - INFO - Live data fetched successfully with 51 records.
2025-04-03 15:41:36,617 - INFO - Extracted 51 symbols.
2025-04-03 15:41:36,618 - INFO - Identified top gainers and losers.
2025-04-03 15:41:36,619 - INFO - Fetching historical data for NIFTY 50.NS...
2025-04-03 15:41:40,869 - ERROR - 404 Client Error: Not Found for url: https://query2.finance.yahoo.com/v10/finance/quoteSummary/NIFTY%2050.NS?modules=financialData%2CquoteType%2CdefaultKeyStatistics%2CassetProfile%2CsummaryDetail&corsDomain=finance.yahoo.com&formatted=false&symbol=NIFTY+50.NS&crumb=DVmCP4BXSLR
2025-04-03 15:41:40,869 - ERROR - Error fetching data for NIFTY 50.NS: 'NoneType' object has no attribute 'update'
2025-04-03 15:41:40,869 - INFO - Fetching historical data for POWERGRID.NS...
2025-04-03 15:41:41,027 - INFO - Fetching historical data for SUNPHARMA.NS...
2025-04-03 15:41:41,180 - INFO - Fetching historical data for CIPLA.NS...
2025-04-03 15:41:41,334 - INFO - Fetching historical data for ULTRACEMCO.NS...
2025-04-03 15:41:41,488 - INFO - Fetching historical data for SHRIRAMFIN.NS...
2025-04-03 15:41:41,655 - INFO - Fetching historical data for NTPC.NS...
2025-04-03 15:41:41,813 - INFO - Fetching historical data for ADANIENT.NS...
2025-04-03 15:41:41,968 - INFO - Fetching historical data for BEL.NS...
2025-04-03 15:41:42,126 - INFO - Fetching historical data for ASIANPAINT.NS...
2025-04-03 15:41:42,285 - INFO - Fetching historical data for GRASIM.NS...
2025-04-03 15:41:42,447 - INFO - Fetching historical data for NESTLEIND.NS...
2025-04-03 15:41:42,601 - INFO - Fetching historical data for INDUSINDBK.NS...
2025-04-03 15:41:42,794 - INFO - Fetching historical data for TITAN.NS...
2025-04-03 15:41:42,953 - INFO - Fetching historical data for TATACONSUM.NS...
2025-04-03 15:41:43,117 - INFO - Fetching historical data for SBIN.NS...
2025-04-03 15:41:43,393 - INFO - Fetching historical data for AXISBANK.NS...
2025-04-03 15:41:43,552 - INFO - Fetching historical data for ADANIPORTS.NS...
2025-04-03 15:41:43,694 - INFO - Fetching historical data for JIOFIN.NS...
2025-04-03 15:41:43,815 - INFO - Fetching historical data for EICHERMOT.NS...
2025-04-03 15:41:43,974 - INFO - Fetching historical data for HINDUNILVR.NS...
2025-04-03 15:41:44,126 - INFO - Fetching historical data for DRREDDY.NS...
2025-04-03 15:41:44,278 - INFO - Fetching historical data for ITC.NS...
2025-04-03 15:41:44,441 - INFO - Fetching historical data for LT.NS...
2025-04-03 15:41:44,587 - INFO - Fetching historical data for ICICIBANK.NS...
2025-04-03 15:41:44,756 - INFO - Fetching historical data for COALINDIA.NS...
2025-04-03 15:41:44,888 - INFO - Fetching historical data for RELIANCE.NS...
2025-04-03 15:41:45,045 - INFO - Fetching historical data for HDFCBANK.NS...
2025-04-03 15:41:45,238 - INFO - Fetching historical data for TRENT.NS...
2025-04-03 15:41:45,400 - INFO - Fetching historical data for ZOMATO.NS...
2025-04-03 15:41:45,533 - INFO - Fetching historical data for HDFCLIFE.NS...
2025-04-03 15:41:45,669 - INFO - Fetching historical data for TATASTEEL.NS...
2025-04-03 15:41:45,830 - INFO - Fetching historical data for MARUTI.NS...
2025-04-03 15:41:45,993 - INFO - Fetching historical data for BAJAJFINSV.NS...
2025-04-03 15:41:46,146 - INFO - Fetching historical data for BHARTIARTL.NS...
2025-04-03 15:41:46,305 - INFO - Fetching historical data for M&M.NS...
2025-04-03 15:41:46,461 - INFO - Fetching historical data for SBILIFE.NS...
2025-04-03 15:41:46,603 - INFO - Fetching historical data for APOLLOHOSP.NS...
2025-04-03 15:41:46,772 - INFO - Fetching historical data for KOTAKBANK.NS...
2025-04-03 15:41:46,940 - INFO - Fetching historical data for HEROMOTOCO.NS...
2025-04-03 15:41:47,098 - INFO - Fetching historical data for BAJFINANCE.NS...
2025-04-03 15:41:47,245 - INFO - Fetching historical data for JSWSTEEL.NS...
2025-04-03 15:41:47,393 - INFO - Fetching historical data for HINDALCO.NS...
2025-04-03 15:41:47,552 - INFO - Fetching historical data for BAJAJ-AUTO.NS...
2025-04-03 15:41:47,699 - INFO - Fetching historical data for TATAMOTORS.NS...
2025-04-03 15:41:47,871 - INFO - Fetching historical data for WIPRO.NS...
2025-04-03 15:41:48,058 - INFO - Fetching historical data for ONGC.NS...
2025-04-03 15:41:48,218 - INFO - Fetching historical data for INFY.NS...
2025-04-03 15:41:48,379 - INFO - Fetching historical data for TECHM.NS...
2025-04-03 15:41:48,524 - INFO - Fetching historical data for HCLTECH.NS...
2025-04-03 15:41:48,699 - INFO - Fetching historical data for TCS.NS...
2025-04-03 15:41:48,849 - INFO - Text output saved to data/results.txt
2025-04-03 15:41:49,284 - INFO - Bar charts saved to data/gainers_losers.png and closed automatically.
